<?xml version="1.0" encoding="UTF-8"?>
<!-- Generated by org.testng.reporters.JUnitXMLReporter -->
<testsuite ignored="0" hostname="myska" failures="1" tests="1" name="Run on CHROME(failed)" time="44.312" errors="0" timestamp="17 Jan 2021 07:44:51 GMT">
  <testcase classname="pom.Sanduoclieu.user.LoginPage" name="TC_02_Forgot_Password" time="34.62">
    <failure type="org.openqa.selenium.ElementClickInterceptedException" message="element click intercepted: Element &amp;lt;a tabindex=&amp;quot;0&amp;quot; style=&amp;quot;color:#000;&amp;quot; onclick=&amp;quot;showTheMessage(&amp;apos;linh533370-1610846303-696916&amp;apos;);&amp;quot; onkeyup=&amp;quot;if (event.keyCode == 13) { showTheMessage(&amp;apos;linh533370-1610846303-696916&amp;apos;); }&amp;quot; class=&amp;quot;ng-binding&amp;quot;&amp;gt;...&amp;lt;/a&amp;gt; is not clickable at point (614, 594). Other element would receive the click: &amp;lt;span id=&amp;quot;cookieconsent:desc&amp;quot; class=&amp;quot;cc-message&amp;quot;&amp;gt;...&amp;lt;/span&amp;gt;
  (Session info: chrome=87.0.4280.141)
Build info: version: &amp;apos;3.141.59&amp;apos;, revision: &amp;apos;e82be7d358&amp;apos;, time: &amp;apos;2018-11-14T08:17:03&amp;apos;
System info: host: &amp;apos;MYSKA&amp;apos;, ip: &amp;apos;192.168.1.150&amp;apos;, os.name: &amp;apos;Windows 10&amp;apos;, os.arch: &amp;apos;amd64&amp;apos;, os.version: &amp;apos;10.0&amp;apos;, java.version: &amp;apos;15.0.1&amp;apos;
Driver info: org.openqa.selenium.chrome.ChromeDriver
Capabilities {acceptInsecureCerts: false, browserName: chrome, browserVersion: 87.0.4280.141, chrome: {chromedriverVersion: 87.0.4280.88 (89e2380a3e36c..., userDataDir: C:\Users\OLESAN~1\AppData\L...}, goog:chromeOptions: {debuggerAddress: localhost:65039}, javascriptEnabled: true, networkConnectionEnabled: false, pageLoadStrategy: normal, platform: WINDOWS, platformName: WINDOWS, proxy: Proxy(), setWindowRect: true, strictFileInteractability: false, timeouts: {implicit: 0, pageLoad: 300000, script: 30000}, unhandledPromptBehavior: dismiss and notify, webauthn:virtualAuthenticators: true}
Session ID: ee1abc80dd85470749c1a311e4122816">
      <![CDATA[org.openqa.selenium.ElementClickInterceptedException: element click intercepted: Element <a tabindex="0" style="color:#000;" onclick="showTheMessage('linh533370-1610846303-696916');" onkeyup="if (event.keyCode == 13) { showTheMessage('linh533370-1610846303-696916'); }" class="ng-binding">...</a> is not clickable at point (614, 594). Other element would receive the click: <span id="cookieconsent:desc" class="cc-message">...</span>
  (Session info: chrome=87.0.4280.141)
Build info: version: '3.141.59', revision: 'e82be7d358', time: '2018-11-14T08:17:03'
System info: host: 'MYSKA', ip: '192.168.1.150', os.name: 'Windows 10', os.arch: 'amd64', os.version: '10.0', java.version: '15.0.1'
Driver info: org.openqa.selenium.chrome.ChromeDriver
Capabilities {acceptInsecureCerts: false, browserName: chrome, browserVersion: 87.0.4280.141, chrome: {chromedriverVersion: 87.0.4280.88 (89e2380a3e36c..., userDataDir: C:\Users\OLESAN~1\AppData\L...}, goog:chromeOptions: {debuggerAddress: localhost:65039}, javascriptEnabled: true, networkConnectionEnabled: false, pageLoadStrategy: normal, platform: WINDOWS, platformName: WINDOWS, proxy: Proxy(), setWindowRect: true, strictFileInteractability: false, timeouts: {implicit: 0, pageLoad: 300000, script: 30000}, unhandledPromptBehavior: dismiss and notify, webauthn:virtualAuthenticators: true}
Session ID: ee1abc80dd85470749c1a311e4122816
at org.openqa.selenium.remote.http.W3CHttpResponseCodec.createException(W3CHttpResponseCodec.java:187)
at org.openqa.selenium.remote.http.W3CHttpResponseCodec.decode(W3CHttpResponseCodec.java:122)
at org.openqa.selenium.remote.http.W3CHttpResponseCodec.decode(W3CHttpResponseCodec.java:49)
at org.openqa.selenium.remote.HttpCommandExecutor.execute(HttpCommandExecutor.java:158)
at org.openqa.selenium.remote.service.DriverCommandExecutor.execute(DriverCommandExecutor.java:83)
at org.openqa.selenium.remote.RemoteWebDriver.execute(RemoteWebDriver.java:552)
at org.openqa.selenium.remote.RemoteWebElement.execute(RemoteWebElement.java:285)
at org.openqa.selenium.remote.RemoteWebElement.click(RemoteWebElement.java:84)
at pom.Sanduoclieu.user.LoginPage.TC_02_Forgot_Password(LoginPage.java:95)
... Removed 30 stack frames]]>
    </failure>
  </testcase> <!-- TC_02_Forgot_Password -->
</testsuite> <!-- Run on CHROME(failed) -->
